<?xml version="1.0" encoding="UTF-8"?>
<!-- Generated by org.testng.reporters.JUnitXMLReporter -->
<testsuite ignored="0" hostname="LAPTOP-D6FDH20G" failures="6" tests="6" name="TestRunner5" time="1.19" errors="0" timestamp="2021-12-05T17:42:55 IST">
  <testcase classname="com.crm.SDET25A.ProductModule.ProductModuleScenariosAndCases" name="SearchProductByCommissionRate" time="0.769">
    <failure type="java.lang.NullPointerException" message="Cannot invoke &amp;quot;org.openqa.selenium.SearchContext.findElement(org.openqa.selenium.By)&amp;quot; because &amp;quot;this.searchContext&amp;quot; is null">
      <![CDATA[java.lang.NullPointerException: Cannot invoke "org.openqa.selenium.SearchContext.findElement(org.openqa.selenium.By)" because "this.searchContext" is null
at org.openqa.selenium.support.pagefactory.DefaultElementLocator.findElement(DefaultElementLocator.java:69)
at org.openqa.selenium.support.pagefactory.internal.LocatingElementHandler.invoke(LocatingElementHandler.java:38)
at jdk.proxy2/jdk.proxy2.$Proxy15.click(Unknown Source)
at com.crm.SDET25A.ObjectRepository.ProductsPage.productPageInfo(ProductsPage.java:44)
at com.crm.SDET25A.ProductModule.ProductModuleScenariosAndCases.SearchProductByCommissionRate(ProductModuleScenariosAndCases.java:90)
at java.base/java.util.ArrayList.forEach(ArrayList.java:1511)
... Removed 27 stack frames]]>
    </failure>
  </testcase> <!-- SearchProductByCommissionRate -->
  <testcase classname="com.crm.SDET25A.ProductModule.ProductModuleScenariosAndCases" name="SearchProductByPartNumber" time="0.095">
    <failure type="java.lang.NullPointerException" message="Cannot invoke &amp;quot;org.openqa.selenium.SearchContext.findElement(org.openqa.selenium.By)&amp;quot; because &amp;quot;this.searchContext&amp;quot; is null">
      <![CDATA[java.lang.NullPointerException: Cannot invoke "org.openqa.selenium.SearchContext.findElement(org.openqa.selenium.By)" because "this.searchContext" is null
at org.openqa.selenium.support.pagefactory.DefaultElementLocator.findElement(DefaultElementLocator.java:69)
at org.openqa.selenium.support.pagefactory.internal.LocatingElementHandler.invoke(LocatingElementHandler.java:38)
at jdk.proxy2/jdk.proxy2.$Proxy15.click(Unknown Source)
at com.crm.SDET25A.ObjectRepository.ProductsPage.productPageInfo(ProductsPage.java:44)
at com.crm.SDET25A.ProductModule.ProductModuleScenariosAndCases.SearchProductByPartNumber(ProductModuleScenariosAndCases.java:67)
at java.base/java.util.ArrayList.forEach(ArrayList.java:1511)
... Removed 27 stack frames]]>
    </failure>
  </testcase> <!-- SearchProductByPartNumber -->
  <testcase classname="com.crm.SDET25A.ProductModule.ProductModuleScenariosAndCases" name="SearchProductByProductNameTesting" time="0.056">
    <failure type="java.lang.NullPointerException" message="Cannot invoke &amp;quot;org.openqa.selenium.SearchContext.findElement(org.openqa.selenium.By)&amp;quot; because &amp;quot;this.searchContext&amp;quot; is null">
      <![CDATA[java.lang.NullPointerException: Cannot invoke "org.openqa.selenium.SearchContext.findElement(org.openqa.selenium.By)" because "this.searchContext" is null
at org.openqa.selenium.support.pagefactory.DefaultElementLocator.findElement(DefaultElementLocator.java:69)
at org.openqa.selenium.support.pagefactory.internal.LocatingElementHandler.invoke(LocatingElementHandler.java:38)
at jdk.proxy2/jdk.proxy2.$Proxy15.click(Unknown Source)
at com.crm.SDET25A.ObjectRepository.ProductsPage.productPageInfo(ProductsPage.java:44)
at com.crm.SDET25A.ProductModule.ProductModuleScenariosAndCases.SearchProductByProductNameTesting(ProductModuleScenariosAndCases.java:21)
at java.base/java.util.ArrayList.forEach(ArrayList.java:1511)
... Removed 27 stack frames]]>
    </failure>
  </testcase> <!-- SearchProductByProductNameTesting -->
  <testcase classname="com.crm.SDET25A.ProductModule.ProductModuleScenariosAndCases" name="SearchProductByProductNo" time="0.083">
    <failure type="java.lang.NullPointerException" message="Cannot invoke &amp;quot;org.openqa.selenium.SearchContext.findElement(org.openqa.selenium.By)&amp;quot; because &amp;quot;this.searchContext&amp;quot; is null">
      <![CDATA[java.lang.NullPointerException: Cannot invoke "org.openqa.selenium.SearchContext.findElement(org.openqa.selenium.By)" because "this.searchContext" is null
at org.openqa.selenium.support.pagefactory.DefaultElementLocator.findElement(DefaultElementLocator.java:69)
at org.openqa.selenium.support.pagefactory.internal.LocatingElementHandler.invoke(LocatingElementHandler.java:38)
at jdk.proxy2/jdk.proxy2.$Proxy15.click(Unknown Source)
at com.crm.SDET25A.ObjectRepository.ProductsPage.productPageInfo(ProductsPage.java:44)
at com.crm.SDET25A.ProductModule.ProductModuleScenariosAndCases.SearchProductByProductNo(ProductModuleScenariosAndCases.java:44)
at java.base/java.util.ArrayList.forEach(ArrayList.java:1511)
... Removed 27 stack frames]]>
    </failure>
  </testcase> <!-- SearchProductByProductNo -->
  <testcase classname="com.crm.SDET25A.ProductModule.ProductModuleScenariosAndCases" name="SearchProductByQtyInStock" time="0.073">
    <failure type="java.lang.NullPointerException" message="Cannot invoke &amp;quot;org.openqa.selenium.SearchContext.findElement(org.openqa.selenium.By)&amp;quot; because &amp;quot;this.searchContext&amp;quot; is null">
      <![CDATA[java.lang.NullPointerException: Cannot invoke "org.openqa.selenium.SearchContext.findElement(org.openqa.selenium.By)" because "this.searchContext" is null
at org.openqa.selenium.support.pagefactory.DefaultElementLocator.findElement(DefaultElementLocator.java:69)
at org.openqa.selenium.support.pagefactory.internal.LocatingElementHandler.invoke(LocatingElementHandler.java:38)
at jdk.proxy2/jdk.proxy2.$Proxy15.click(Unknown Source)
at com.crm.SDET25A.ObjectRepository.ProductsPage.productPageInfo(ProductsPage.java:44)
at com.crm.SDET25A.ProductModule.ProductModuleScenariosAndCases.SearchProductByQtyInStock(ProductModuleScenariosAndCases.java:113)
at java.base/java.util.ArrayList.forEach(ArrayList.java:1511)
... Removed 27 stack frames]]>
    </failure>
  </testcase> <!-- SearchProductByQtyInStock -->
  <testcase classname="com.crm.SDET25A.ProductModule.ProductModuleScenariosAndCases" name="SearchProductByQtyPerUnit" time="0.072">
    <failure type="java.lang.NullPointerException" message="Cannot invoke &amp;quot;org.openqa.selenium.SearchContext.findElement(org.openqa.selenium.By)&amp;quot; because &amp;quot;this.searchContext&amp;quot; is null">
      <![CDATA[java.lang.NullPointerException: Cannot invoke "org.openqa.selenium.SearchContext.findElement(org.openqa.selenium.By)" because "this.searchContext" is null
at org.openqa.selenium.support.pagefactory.DefaultElementLocator.findElement(DefaultElementLocator.java:69)
at org.openqa.selenium.support.pagefactory.internal.LocatingElementHandler.invoke(LocatingElementHandler.java:38)
at jdk.proxy2/jdk.proxy2.$Proxy15.click(Unknown Source)
at com.crm.SDET25A.ObjectRepository.ProductsPage.productPageInfo(ProductsPage.java:44)
at com.crm.SDET25A.ProductModule.ProductModuleScenariosAndCases.SearchProductByQtyPerUnit(ProductModuleScenariosAndCases.java:136)
at java.base/java.util.ArrayList.forEach(ArrayList.java:1511)
... Removed 27 stack frames]]>
    </failure>
  </testcase> <!-- SearchProductByQtyPerUnit -->
</testsuite> <!-- TestRunner5 -->
