<?xml version="1.0" encoding="UTF-8"?>
<!-- Generated by org.testng.reporters.JUnitXMLReporter -->
<testsuite ignored="1" hostname="LAPTOP-D6FDH20G" failures="0" tests="6" name="Test" time="0.055" errors="0" timestamp="2021-12-05T15:53:00 IST">
  <testcase classname="com.crm.SDET25A.ObjectRepository.BaseClass" name="@BeforeClass configBC" time="-1.638699779951E9">
    <failure type="org.testng.TestNGException" message="
Parameter &amp;apos;BROWSER&amp;apos; is required by BeforeClass on method configBC but has not been marked @Optional or defined
in C:\Users\L340\eclipse-workspace\com.crm.SDET-25A\testngBatchExceution.xml">
      <![CDATA[org.testng.TestNGException: 
Parameter 'BROWSER' is required by BeforeClass on method configBC but has not been marked @Optional or defined
in C:\Users\L340\eclipse-workspace\com.crm.SDET-25A\testngBatchExceution.xml
at java.base/java.util.ArrayList.forEach(ArrayList.java:1511)
... Removed 22 stack frames]]>
    </failure>
  </testcase> <!-- @BeforeClass configBC -->
  <testcase classname="com.crm.SDET25A.ObjectRepository.BaseClass" name="@BeforeMethod configBM" time="-1.638699779963E9">
    <skipped/>
  </testcase> <!-- @BeforeMethod configBM -->
  <testcase classname="com.crm.SDET25A.ObjectRepository.BaseClass" name="@AfterMethod configAM" time="-1.638699779967E9">
    <skipped/>
  </testcase> <!-- @AfterMethod configAM -->
  <testcase classname="com.crm.SDET25A.ObjectRepository.BaseClass" name="@BeforeMethod configBM" time="-1.63869977997E9">
    <skipped/>
  </testcase> <!-- @BeforeMethod configBM -->
  <testcase classname="com.crm.SDET25A.ObjectRepository.BaseClass" name="@AfterMethod configAM" time="-1.638699779972E9">
    <skipped/>
  </testcase> <!-- @AfterMethod configAM -->
  <testcase classname="com.crm.SDET25A.ObjectRepository.BaseClass" name="@BeforeMethod configBM" time="-1.638699779973E9">
    <skipped/>
  </testcase> <!-- @BeforeMethod configBM -->
  <testcase classname="com.crm.SDET25A.ObjectRepository.BaseClass" name="@AfterMethod configAM" time="-1.638699779976E9">
    <skipped/>
  </testcase> <!-- @AfterMethod configAM -->
  <testcase classname="com.crm.SDET25A.ObjectRepository.BaseClass" name="@AfterClass configAC" time="-1.638699779977E9">
    <skipped/>
  </testcase> <!-- @AfterClass configAC -->
  <testcase classname="com.crm.SDET25A.ObjectRepository.BaseClass" name="@BeforeClass configBC" time="-1.638699779978E9">
    <failure type="org.testng.TestNGException" message="
Parameter &amp;apos;BROWSER&amp;apos; is required by BeforeClass on method configBC but has not been marked @Optional or defined
in C:\Users\L340\eclipse-workspace\com.crm.SDET-25A\testngBatchExceution.xml">
      <![CDATA[org.testng.TestNGException: 
Parameter 'BROWSER' is required by BeforeClass on method configBC but has not been marked @Optional or defined
in C:\Users\L340\eclipse-workspace\com.crm.SDET-25A\testngBatchExceution.xml
at java.base/java.util.ArrayList.forEach(ArrayList.java:1511)
... Removed 22 stack frames]]>
    </failure>
  </testcase> <!-- @BeforeClass configBC -->
  <testcase classname="com.crm.SDET25A.ObjectRepository.BaseClass" name="@BeforeMethod configBM" time="-1.63869977998E9">
    <skipped/>
  </testcase> <!-- @BeforeMethod configBM -->
  <testcase classname="com.crm.SDET25A.ObjectRepository.BaseClass" name="@AfterMethod configAM" time="-1.638699779982E9">
    <skipped/>
  </testcase> <!-- @AfterMethod configAM -->
  <testcase classname="com.crm.SDET25A.ObjectRepository.BaseClass" name="@BeforeMethod configBM" time="-1.638699779984E9">
    <skipped/>
  </testcase> <!-- @BeforeMethod configBM -->
  <testcase classname="com.crm.SDET25A.ObjectRepository.BaseClass" name="@AfterMethod configAM" time="-1.638699779986E9">
    <skipped/>
  </testcase> <!-- @AfterMethod configAM -->
  <testcase classname="com.crm.SDET25A.ObjectRepository.BaseClass" name="@BeforeMethod configBM" time="-1.638699779987E9">
    <skipped/>
  </testcase> <!-- @BeforeMethod configBM -->
  <testcase classname="com.crm.SDET25A.ObjectRepository.BaseClass" name="@AfterMethod configAM" time="-1.63869977999E9">
    <skipped/>
  </testcase> <!-- @AfterMethod configAM -->
  <testcase classname="com.crm.SDET25A.ObjectRepository.BaseClass" name="@AfterClass configAC" time="-1.638699779991E9">
    <skipped/>
  </testcase> <!-- @AfterClass configAC -->
  <testcase classname="com.crm.SDET25A.ProductModule.ProductTestForTestNG" name="SearchProductByCommissionRate" time="0.0">
    <skipped/>
  </testcase> <!-- SearchProductByCommissionRate -->
  <testcase classname="com.crm.SDET25A.ProductModule.ProductTestForTestNG" name="SearchProductByQtyInStock" time="0.0">
    <skipped/>
  </testcase> <!-- SearchProductByQtyInStock -->
  <testcase classname="com.crm.SDET25A.ProductModule.ProductTestForTestNG" name="SearchProductByQtyPerUnit" time="0.0">
    <skipped/>
  </testcase> <!-- SearchProductByQtyPerUnit -->
  <testcase classname="com.crm.SDET25A.ProductModule.ProductModuleScenariosAndCases" name="SearchProductByProductNameTesting" time="0.0">
    <skipped/>
  </testcase> <!-- SearchProductByProductNameTesting -->
  <testcase classname="com.crm.SDET25A.ProductModule.ProductModuleScenariosAndCases" name="SearchProductByProductNo" time="0.0">
    <skipped/>
  </testcase> <!-- SearchProductByProductNo -->
  <testcase classname="com.crm.SDET25A.ProductModule.ProductModuleScenariosAndCases" name="SearchProductByPartNumber" time="0.0">
    <skipped/>
  </testcase> <!-- SearchProductByPartNumber -->
  <testcase classname="com.crm.SDET25A.ObjectRepository.BaseClass" name="@BeforeSuite configBS" time="0.0">
    <ignored/>
  </testcase> <!-- @BeforeSuite configBS -->
</testsuite> <!-- Test -->
