<?xml version="1.0" encoding="UTF-8"?>
<!-- Generated by org.testng.reporters.JUnitXMLReporter -->
<testsuite ignored="5" hostname="LAPTOP-D6FDH20G" failures="0" tests="1" name="Test3" time="24.586" errors="0" timestamp="2021-12-05T16:16:28 IST">
  <testcase classname="com.crm.SDET25A.ProductModule.ProductModuleScenariosAndCases" name="SearchProductByQtyPerUnit" time="14.994"/>
  <testcase classname="com.crm.SDET25A.ProductModule.ProductModuleScenariosAndCases" name="SearchProductByProductNameTesting" time="0.0">
    <ignored/>
  </testcase> <!-- SearchProductByProductNameTesting -->
  <testcase classname="com.crm.SDET25A.ProductModule.ProductModuleScenariosAndCases" name="SearchProductByProductNo" time="0.0">
    <ignored/>
  </testcase> <!-- SearchProductByProductNo -->
  <testcase classname="com.crm.SDET25A.ProductModule.ProductModuleScenariosAndCases" name="SearchProductByCommissionRate" time="0.0">
    <ignored/>
  </testcase> <!-- SearchProductByCommissionRate -->
  <testcase classname="com.crm.SDET25A.ProductModule.ProductModuleScenariosAndCases" name="SearchProductByPartNumber" time="0.0">
    <ignored/>
  </testcase> <!-- SearchProductByPartNumber -->
  <testcase classname="com.crm.SDET25A.ProductModule.ProductModuleScenariosAndCases" name="SearchProductByQtyInStock" time="0.0">
    <ignored/>
  </testcase> <!-- SearchProductByQtyInStock -->
</testsuite> <!-- Test3 -->
