<?xml version="1.0" encoding="UTF-8"?>
<!-- Generated by org.testng.reporters.JUnitXMLReporter -->
<testsuite ignored="0" hostname="LAPTOP-D6FDH20G" failures="0" tests="2" name="Test7" time="55.847" errors="0" timestamp="2021-12-06T21:06:14 IST">
  <testcase classname="com.crm.SDET25A.ProductModule.ProductModuleScenariosAndCases" name="SearchProductByCommissionRate" time="14.307"/>
  <testcase classname="com.crm.SDET25A.ProductModule.ProductModuleScenariosAndCases" name="SearchProductByPartNumber" time="11.725"/>
</testsuite> <!-- Test7 -->
